Timing is on.
Pager usage is off.
                                                               QUERY PLAN                                                               
----------------------------------------------------------------------------------------------------------------------------------------
 Sort  (cost=116.73..116.83 rows=40 width=108) (actual time=0.390..0.393 rows=40 loops=1)
   Sort Key: flight_watch.created_at DESC
   Sort Method: quicksort  Memory: 30kB
   Buffers: shared hit=50
   InitPlan 1 (returns $0)
     ->  Limit  (cost=9.50..9.50 rows=1 width=45) (actual time=0.082..0.082 rows=1 loops=1)
           Buffers: shared hit=5
           ->  Sort  (cost=9.50..10.25 rows=300 width=45) (actual time=0.081..0.082 rows=1 loops=1)
                 Sort Key: users.created_at DESC
                 Sort Method: top-N heapsort  Memory: 25kB
                 Buffers: shared hit=5
                 ->  Seq Scan on users  (cost=0.00..8.00 rows=300 width=45) (actual time=0.006..0.047 rows=300 loops=1)
                       Buffers: shared hit=5
   ->  Bitmap Heap Scan on flight_watch  (cost=4.59..106.17 rows=40 width=108) (actual time=0.134..0.335 rows=40 loops=1)
         Recheck Cond: ((user_id)::text = ($0)::text)
         Heap Blocks: exact=40
         Buffers: shared hit=47
         ->  Bitmap Index Scan on ix_flight_watch_user_id  (cost=0.00..4.58 rows=40 width=0) (actual time=0.125..0.126 rows=40 loops=1)
               Index Cond: ((user_id)::text = ($0)::text)
               Buffers: shared hit=7
 Planning:
   Buffers: shared hit=215 read=1
 Planning Time: 0.776 ms
 Execution Time: 0.444 ms
(24 rows)

Time: 5.358 ms
                                                                   QUERY PLAN                                                                    
-------------------------------------------------------------------------------------------------------------------------------------------------
 Sort  (cost=487.43..487.50 rows=25 width=110) (actual time=4.585..4.589 rows=25 loops=1)
   Sort Key: price_snapshot.captured_at_utc DESC
   Sort Method: quicksort  Memory: 28kB
   Buffers: shared hit=232 read=4
   InitPlan 1 (returns $0)
     ->  Limit  (cost=387.00..387.00 rows=1 width=45) (actual time=4.252..4.253 rows=1 loops=1)
           Buffers: shared hit=207
           ->  Sort  (cost=387.00..417.00 rows=12000 width=45) (actual time=4.251..4.251 rows=1 loops=1)
                 Sort Key: flight_watch.created_at DESC
                 Sort Method: top-N heapsort  Memory: 25kB
                 Buffers: shared hit=207
                 ->  Seq Scan on flight_watch  (cost=0.00..327.00 rows=12000 width=45) (actual time=0.003..3.208 rows=12000 loops=1)
                       Buffers: shared hit=207
   ->  Bitmap Heap Scan on price_snapshot  (cost=4.62..99.85 rows=25 width=110) (actual time=4.334..4.574 rows=25 loops=1)
         Recheck Cond: ((watch_id)::text = ($0)::text)
         Heap Blocks: exact=25
         Buffers: shared hit=232 read=4
         ->  Bitmap Index Scan on ix_price_snapshot_watch_captured  (cost=0.00..4.61 rows=25 width=0) (actual time=4.319..4.320 rows=25 loops=1)
               Index Cond: ((watch_id)::text = ($0)::text)
               Buffers: shared hit=207 read=4
 Planning:
   Buffers: shared hit=70 read=1
 Planning Time: 0.263 ms
 Execution Time: 4.611 ms
(24 rows)

Time: 5.254 ms
                                                                               QUERY PLAN                                                                               
------------------------------------------------------------------------------------------------------------------------------------------------------------------------
 Limit  (cost=313.44..313.57 rows=50 width=119) (actual time=4.194..4.206 rows=50 loops=1)
   Buffers: shared hit=298
   InitPlan 1 (returns $0)
     ->  Limit  (cost=9.50..9.50 rows=1 width=45) (actual time=0.075..0.076 rows=1 loops=1)
           Buffers: shared hit=5
           ->  Sort  (cost=9.50..10.25 rows=300 width=45) (actual time=0.075..0.076 rows=1 loops=1)
                 Sort Key: users.created_at DESC
                 Sort Method: top-N heapsort  Memory: 25kB
                 Buffers: shared hit=5
                 ->  Seq Scan on users  (cost=0.00..8.00 rows=300 width=45) (actual time=0.005..0.035 rows=300 loops=1)
                       Buffers: shared hit=5
   ->  Sort  (cost=303.94..304.24 rows=120 width=119) (actual time=4.193..4.200 rows=50 loops=1)
         Sort Key: e.created_at DESC
         Sort Method: top-N heapsort  Memory: 48kB
         Buffers: shared hit=298
         ->  Nested Loop  (cost=106.96..299.95 rows=120 width=119) (actual time=0.234..4.121 rows=114 loops=1)
               Buffers: shared hit=298
               ->  Hash Join  (cost=106.67..281.29 rows=20 width=74) (actual time=0.192..3.349 rows=19 loops=1)
                     Hash Cond: ((r.watch_id)::text = (w.id)::text)
                     Buffers: shared hit=146
                     ->  Seq Scan on alert_rule r  (cost=0.00..158.90 rows=5990 width=74) (actual time=0.018..0.561 rows=5990 loops=1)
                           Buffers: shared hit=99
                     ->  Hash  (cost=106.17..106.17 rows=40 width=37) (actual time=0.150..0.151 rows=40 loops=1)
                           Buckets: 1024  Batches: 1  Memory Usage: 11kB
                           Buffers: shared hit=47
                           ->  Bitmap Heap Scan on flight_watch w  (cost=4.59..106.17 rows=40 width=37) (actual time=0.100..0.137 rows=40 loops=1)
                                 Recheck Cond: ((user_id)::text = ($0)::text)
                                 Heap Blocks: exact=40
                                 Buffers: shared hit=47
                                 ->  Bitmap Index Scan on ix_flight_watch_user_id  (cost=0.00..4.58 rows=40 width=0) (actual time=0.094..0.095 rows=40 loops=1)
                                       Index Cond: ((user_id)::text = ($0)::text)
                                       Buffers: shared hit=7
               ->  Index Scan using ix_notification_event_rule_id on notification_event e  (cost=0.29..0.87 rows=6 width=82) (actual time=0.014..0.039 rows=6 loops=19)
                     Index Cond: ((rule_id)::text = (r.id)::text)
                     Buffers: shared hit=152
 Planning:
   Buffers: shared hit=256 read=10
 Planning Time: 1.028 ms
 Execution Time: 4.250 ms
(39 rows)

Time: 5.760 ms
                                                                     QUERY PLAN                                                                     
----------------------------------------------------------------------------------------------------------------------------------------------------
 Sort  (cost=22.08..22.09 rows=3 width=108) (actual time=0.114..0.115 rows=3 loops=1)
   Sort Key: user_session.last_seen DESC
   Sort Method: quicksort  Memory: 25kB
   Buffers: shared hit=8 read=2
   InitPlan 1 (returns $0)
     ->  Limit  (cost=9.50..9.50 rows=1 width=45) (actual time=0.059..0.060 rows=1 loops=1)
           Buffers: shared hit=5
           ->  Sort  (cost=9.50..10.25 rows=300 width=45) (actual time=0.058..0.059 rows=1 loops=1)
                 Sort Key: users.created_at DESC
                 Sort Method: top-N heapsort  Memory: 25kB
                 Buffers: shared hit=5
                 ->  Seq Scan on users  (cost=0.00..8.00 rows=300 width=45) (actual time=0.005..0.033 rows=300 loops=1)
                       Buffers: shared hit=5
   ->  Bitmap Heap Scan on user_session  (cost=4.30..12.55 rows=3 width=108) (actual time=0.095..0.110 rows=3 loops=1)
         Recheck Cond: ((user_id)::text = ($0)::text)
         Heap Blocks: exact=3
         Buffers: shared hit=8 read=2
         ->  Bitmap Index Scan on ix_user_session_user_active_last_seen  (cost=0.00..4.30 rows=3 width=0) (actual time=0.091..0.091 rows=3 loops=1)
               Index Cond: ((user_id)::text = ($0)::text)
               Buffers: shared hit=5 read=2
 Planning:
   Buffers: shared hit=74 read=1
 Planning Time: 0.349 ms
 Execution Time: 0.141 ms
(24 rows)

Time: 2.798 ms
                                                                       QUERY PLAN                                                                       
--------------------------------------------------------------------------------------------------------------------------------------------------------
 Limit  (cost=40.73..40.76 rows=10 width=98) (actual time=0.171..0.173 rows=10 loops=1)
   Buffers: shared hit=15 read=2
   InitPlan 1 (returns $0)
     ->  Limit  (cost=9.50..9.50 rows=1 width=45) (actual time=0.075..0.075 rows=1 loops=1)
           Buffers: shared hit=5
           ->  Sort  (cost=9.50..10.25 rows=300 width=45) (actual time=0.074..0.075 rows=1 loops=1)
                 Sort Key: users.created_at DESC
                 Sort Method: top-N heapsort  Memory: 25kB
                 Buffers: shared hit=5
                 ->  Seq Scan on users  (cost=0.00..8.00 rows=300 width=45) (actual time=0.007..0.048 rows=300 loops=1)
                       Buffers: shared hit=5
   ->  Sort  (cost=31.23..31.26 rows=10 width=98) (actual time=0.171..0.172 rows=10 loops=1)
         Sort Key: security_activity.created_at DESC
         Sort Method: quicksort  Memory: 26kB
         Buffers: shared hit=15 read=2
         ->  Bitmap Heap Scan on security_activity  (cost=4.36..31.07 rows=10 width=98) (actual time=0.122..0.164 rows=10 loops=1)
               Recheck Cond: ((user_id)::text = ($0)::text)
               Heap Blocks: exact=10
               Buffers: shared hit=15 read=2
               ->  Bitmap Index Scan on ix_security_activity_user_created  (cost=0.00..4.36 rows=10 width=0) (actual time=0.113..0.113 rows=10 loops=1)
                     Index Cond: ((user_id)::text = ($0)::text)
                     Buffers: shared hit=5 read=2
 Planning:
   Buffers: shared hit=64 read=1
 Planning Time: 0.210 ms
 Execution Time: 0.186 ms
(26 rows)

Time: 0.670 ms
