Timing is on.
Pager usage is off.
             sample_user              
--------------------------------------
 ddf6ed81-a0d0-4ae8-a597-33c617e80df2
(1 row)

Time: 1.679 ms
             sample_watch             
--------------------------------------
 1f9759e2-1249-457c-812a-a5999cf10e00
(1 row)

Time: 7.022 ms
                                                               QUERY PLAN                                                               
----------------------------------------------------------------------------------------------------------------------------------------
 Sort  (cost=87.76..87.82 rows=25 width=299) (actual time=0.208..0.210 rows=40 loops=1)
   Sort Key: flight_watch.created_at DESC
   Sort Method: quicksort  Memory: 30kB
   Buffers: shared hit=47
   InitPlan 1 (returns $0)
     ->  Limit  (cost=10.90..10.90 rows=1 width=98) (actual time=0.087..0.088 rows=1 loops=1)
           Buffers: shared hit=5
           ->  Sort  (cost=10.90..11.05 rows=60 width=98) (actual time=0.087..0.087 rows=1 loops=1)
                 Sort Key: users.created_at DESC
                 Sort Method: top-N heapsort  Memory: 25kB
                 Buffers: shared hit=5
                 ->  Seq Scan on users  (cost=0.00..10.60 rows=60 width=98) (actual time=0.005..0.042 rows=300 loops=1)
                       Buffers: shared hit=5
   ->  Bitmap Heap Scan on flight_watch  (cost=4.48..76.27 rows=25 width=299) (actual time=0.126..0.171 rows=40 loops=1)
         Recheck Cond: ((user_id)::text = ($0)::text)
         Heap Blocks: exact=40
         Buffers: shared hit=47
         ->  Bitmap Index Scan on ix_flight_watch_user_id  (cost=0.00..4.47 rows=25 width=0) (actual time=0.120..0.120 rows=40 loops=1)
               Index Cond: ((user_id)::text = ($0)::text)
               Buffers: shared hit=7
 Planning Time: 0.136 ms
 Execution Time: 0.246 ms
(22 rows)

Time: 1.119 ms
                                                                 QUERY PLAN                                                                  
---------------------------------------------------------------------------------------------------------------------------------------------
 Sort  (cost=2058.47..2059.97 rows=600 width=343) (actual time=5.276..5.279 rows=25 loops=1)
   Sort Key: price_snapshot.captured_at_utc DESC
   Sort Method: quicksort  Memory: 28kB
   Buffers: shared hit=235
   InitPlan 1 (returns $0)
     ->  Limit  (cost=281.52..281.52 rows=1 width=98) (actual time=4.913..4.915 rows=1 loops=1)
           Buffers: shared hit=207
           ->  Sort  (cost=281.52..293.94 rows=4968 width=98) (actual time=4.913..4.913 rows=1 loops=1)
                 Sort Key: flight_watch.created_at DESC
                 Sort Method: top-N heapsort  Memory: 25kB
                 Buffers: shared hit=207
                 ->  Seq Scan on flight_watch  (cost=0.00..256.68 rows=4968 width=98) (actual time=0.005..3.669 rows=12000 loops=1)
                       Buffers: shared hit=207
   ->  Bitmap Heap Scan on price_snapshot  (cost=17.07..1749.26 rows=600 width=343) (actual time=5.020..5.265 rows=25 loops=1)
         Recheck Cond: ((watch_id)::text = ($0)::text)
         Heap Blocks: exact=25
         Buffers: shared hit=235
         ->  Bitmap Index Scan on ix_price_snapshot_watch_id  (cost=0.00..16.92 rows=600 width=0) (actual time=4.994..4.995 rows=25 loops=1)
               Index Cond: ((watch_id)::text = ($0)::text)
               Buffers: shared hit=210
 Planning:
   Buffers: shared hit=44
 Planning Time: 0.228 ms
 Execution Time: 5.304 ms
(24 rows)

Time: 7.834 ms
                                                                                QUERY PLAN                                                                                
--------------------------------------------------------------------------------------------------------------------------------------------------------------------------
 Limit  (cost=263.58..263.71 rows=50 width=278) (actual time=4.254..4.266 rows=50 loops=1)
   Buffers: shared hit=298
   InitPlan 1 (returns $0)
     ->  Limit  (cost=10.90..10.90 rows=1 width=98) (actual time=0.085..0.087 rows=1 loops=1)
           Buffers: shared hit=5
           ->  Sort  (cost=10.90..11.05 rows=60 width=98) (actual time=0.085..0.086 rows=1 loops=1)
                 Sort Key: users.created_at DESC
                 Sort Method: top-N heapsort  Memory: 25kB
                 Buffers: shared hit=5
                 ->  Seq Scan on users  (cost=0.00..10.60 rows=60 width=98) (actual time=0.004..0.050 rows=300 loops=1)
                       Buffers: shared hit=5
   ->  Sort  (cost=252.68..252.85 rows=69 width=278) (actual time=4.253..4.259 rows=50 loops=1)
         Sort Key: e.created_at DESC
         Sort Method: top-N heapsort  Memory: 48kB
         Buffers: shared hit=298
         ->  Nested Loop  (cost=76.87..250.57 rows=69 width=278) (actual time=0.230..4.194 rows=114 loops=1)
               Buffers: shared hit=298
               ->  Hash Join  (cost=76.59..208.09 rows=13 width=180) (actual time=0.201..1.334 rows=19 loops=1)
                     Hash Cond: ((r.watch_id)::text = (w.id)::text)
                     Buffers: shared hit=146
                     ->  Seq Scan on alert_rule r  (cost=0.00..124.74 rows=2574 width=180) (actual time=0.010..0.616 rows=5990 loops=1)
                           Buffers: shared hit=99
                     ->  Hash  (cost=76.27..76.27 rows=25 width=90) (actual time=0.162..0.163 rows=40 loops=1)
                           Buckets: 1024  Batches: 1  Memory Usage: 11kB
                           Buffers: shared hit=47
                           ->  Bitmap Heap Scan on flight_watch w  (cost=4.48..76.27 rows=25 width=90) (actual time=0.111..0.152 rows=40 loops=1)
                                 Recheck Cond: ((user_id)::text = ($0)::text)
                                 Heap Blocks: exact=40
                                 Buffers: shared hit=47
                                 ->  Bitmap Index Scan on ix_flight_watch_user_id  (cost=0.00..4.47 rows=25 width=0) (actual time=0.106..0.106 rows=40 loops=1)
                                       Index Cond: ((user_id)::text = ($0)::text)
                                       Buffers: shared hit=7
               ->  Index Scan using ix_notification_event_rule_id on notification_event e  (cost=0.29..2.59 rows=68 width=188) (actual time=0.121..0.149 rows=6 loops=19)
                     Index Cond: ((rule_id)::text = (r.id)::text)
                     Buffers: shared hit=152
 Planning:
   Buffers: shared hit=188
 Planning Time: 0.537 ms
 Execution Time: 4.304 ms
(39 rows)

Time: 5.428 ms
                                                                  QUERY PLAN                                                                  
----------------------------------------------------------------------------------------------------------------------------------------------
 Sort  (cost=19.20..19.20 rows=1 width=723) (actual time=0.118..0.119 rows=3 loops=1)
   Sort Key: user_session.last_seen DESC
   Sort Method: quicksort  Memory: 25kB
   Buffers: shared hit=10
   InitPlan 1 (returns $0)
     ->  Limit  (cost=10.90..10.90 rows=1 width=98) (actual time=0.075..0.076 rows=1 loops=1)
           Buffers: shared hit=5
           ->  Sort  (cost=10.90..11.05 rows=60 width=98) (actual time=0.075..0.075 rows=1 loops=1)
                 Sort Key: users.created_at DESC
                 Sort Method: top-N heapsort  Memory: 25kB
                 Buffers: shared hit=5
                 ->  Seq Scan on users  (cost=0.00..10.60 rows=60 width=98) (actual time=0.007..0.044 rows=300 loops=1)
                       Buffers: shared hit=5
   ->  Index Scan using ix_user_session_user_id on user_session  (cost=0.27..8.29 rows=1 width=723) (actual time=0.105..0.113 rows=3 loops=1)
         Index Cond: ((user_id)::text = ($0)::text)
         Buffers: shared hit=10
 Planning:
   Buffers: shared hit=42
 Planning Time: 0.271 ms
 Execution Time: 0.143 ms
(20 rows)

Time: 2.070 ms
                                                                    QUERY PLAN                                                                    
--------------------------------------------------------------------------------------------------------------------------------------------------
 Limit  (cost=30.59..30.61 rows=5 width=394) (actual time=0.130..0.132 rows=10 loops=1)
   Buffers: shared hit=17
   InitPlan 1 (returns $0)
     ->  Limit  (cost=10.90..10.90 rows=1 width=98) (actual time=0.057..0.057 rows=1 loops=1)
           Buffers: shared hit=5
           ->  Sort  (cost=10.90..11.05 rows=60 width=98) (actual time=0.057..0.057 rows=1 loops=1)
                 Sort Key: users.created_at DESC
                 Sort Method: top-N heapsort  Memory: 25kB
                 Buffers: shared hit=5
                 ->  Seq Scan on users  (cost=0.00..10.60 rows=60 width=98) (actual time=0.004..0.032 rows=300 loops=1)
                       Buffers: shared hit=5
   ->  Sort  (cost=19.69..19.70 rows=5 width=394) (actual time=0.129..0.130 rows=10 loops=1)
         Sort Key: security_activity.created_at DESC
         Sort Method: quicksort  Memory: 26kB
         Buffers: shared hit=17
         ->  Bitmap Heap Scan on security_activity  (cost=4.31..19.63 rows=5 width=394) (actual time=0.087..0.126 rows=10 loops=1)
               Recheck Cond: ((user_id)::text = ($0)::text)
               Heap Blocks: exact=10
               Buffers: shared hit=17
               ->  Bitmap Index Scan on ix_security_activity_user_id  (cost=0.00..4.31 rows=5 width=0) (actual time=0.077..0.078 rows=10 loops=1)
                     Index Cond: ((user_id)::text = ($0)::text)
                     Buffers: shared hit=7
 Planning:
   Buffers: shared hit=38
 Planning Time: 0.140 ms
 Execution Time: 0.144 ms
(26 rows)

Time: 2.142 ms
