copying alembic_version ...
  1 rows
copying suggestion ...
  1 rows
copying support_feedback ...
  1 rows
copying users ...
  3 rows
copying flight_watch ...
  4 rows
copying security_activity ...
  41 rows
copying user_note ...
  2 rows
copying user_preference ...
  2 rows
copying user_preference_appearance ...
  2 rows
copying user_preference_region ...
  1 rows
copying user_profile ...
  2 rows
copying user_session ...
  38 rows
copying alert_rule ...
  1 rows
copying price_snapshot ...
  10 rows
copying notification_event ...
  0 rows
         table_name         
----------------------------
 alembic_version
 alert_rule
 flight_watch
 idempotency_record
 notification_event
 price_snapshot
 security_activity
 suggestion
 support_feedback
 user_note
 user_preference
 user_preference_appearance
 user_preference_region
 user_profile
 user_session
 users
(16 rows)

